0 info it worked if it ends with ok
1 verbose cli [ 'C:\\Program Files\\nodejs\\node.exe',
1 verbose cli   'C:\\Program Files\\nodejs\\node_modules\\npm\\bin\\npm-cli.js',
1 verbose cli   'install',
1 verbose cli   'command-line-args' ]
2 info using npm@2.15.5
3 info using node@v4.4.5
4 verbose install initial load of C:\Platalytics\Code\sentiment-analysis-app\package.json
5 verbose installManyTop reading scoped package data from C:\Platalytics\Code\sentiment-analysis-app\node_modules\async\package.json
6 verbose installManyTop reading scoped package data from C:\Platalytics\Code\sentiment-analysis-app\node_modules\body-parser\package.json
7 verbose installManyTop reading scoped package data from C:\Platalytics\Code\sentiment-analysis-app\node_modules\chai\package.json
8 verbose installManyTop reading scoped package data from C:\Platalytics\Code\sentiment-analysis-app\node_modules\connect-flash\package.json
9 verbose installManyTop reading scoped package data from C:\Platalytics\Code\sentiment-analysis-app\node_modules\connect-multiparty\package.json
10 verbose installManyTop reading scoped package data from C:\Platalytics\Code\sentiment-analysis-app\node_modules\cookie-parser\package.json
11 verbose installManyTop reading scoped package data from C:\Platalytics\Code\sentiment-analysis-app\node_modules\debug\package.json
12 verbose installManyTop reading scoped package data from C:\Platalytics\Code\sentiment-analysis-app\node_modules\ejs\package.json
13 verbose installManyTop reading scoped package data from C:\Platalytics\Code\sentiment-analysis-app\node_modules\express\package.json
14 verbose installManyTop reading scoped package data from C:\Platalytics\Code\sentiment-analysis-app\node_modules\mongodb\package.json
15 verbose installManyTop reading scoped package data from C:\Platalytics\Code\sentiment-analysis-app\node_modules\morgan\package.json
16 verbose installManyTop reading scoped package data from C:\Platalytics\Code\sentiment-analysis-app\node_modules\multer\package.json
17 verbose installManyTop reading scoped package data from C:\Platalytics\Code\sentiment-analysis-app\node_modules\nodemailer\package.json
18 verbose installManyTop reading scoped package data from C:\Platalytics\Code\sentiment-analysis-app\node_modules\nodemailer-sendgrid-transport\package.json
19 verbose installManyTop reading scoped package data from C:\Platalytics\Code\sentiment-analysis-app\node_modules\nodemailer-sendmail-transport\package.json
20 verbose installManyTop reading scoped package data from C:\Platalytics\Code\sentiment-analysis-app\node_modules\passport\package.json
21 verbose installManyTop reading scoped package data from C:\Platalytics\Code\sentiment-analysis-app\node_modules\passport-local\package.json
22 verbose installManyTop reading scoped package data from C:\Platalytics\Code\sentiment-analysis-app\node_modules\request\package.json
23 verbose installManyTop reading scoped package data from C:\Platalytics\Code\sentiment-analysis-app\node_modules\require\package.json
24 verbose installManyTop reading scoped package data from C:\Platalytics\Code\sentiment-analysis-app\node_modules\serve-favicon\package.json
25 verbose installManyTop reading scoped package data from C:\Platalytics\Code\sentiment-analysis-app\node_modules\supertest\package.json
26 verbose installManyTop reading scoped package data from C:\Platalytics\Code\sentiment-analysis-app\node_modules\underscore\package.json
27 info package.json connect-flash@0.1.1 No license field.
28 info package.json passport-local@1.0.0 No license field.
29 info package.json require@2.4.17 No license field.
30 verbose readDependencies loading dependencies from C:\Platalytics\Code\sentiment-analysis-app\package.json
31 silly cache add args [ 'command-line-args@^1.1.0', null ]
32 verbose cache add spec command-line-args@^1.1.0
33 silly cache add parsed spec Result {
33 silly cache add   raw: 'command-line-args@^1.1.0',
33 silly cache add   scope: null,
33 silly cache add   name: 'command-line-args',
33 silly cache add   rawSpec: '^1.1.0',
33 silly cache add   spec: '>=1.1.0 <2.0.0',
33 silly cache add   type: 'range' }
34 silly addNamed command-line-args@>=1.1.0 <2.0.0
35 verbose addNamed ">=1.1.0 <2.0.0" is a valid semver range for command-line-args
36 silly addNameRange { name: 'command-line-args',
36 silly addNameRange   range: '>=1.1.0 <2.0.0',
36 silly addNameRange   hasData: false }
37 silly mapToRegistry name command-line-args
38 silly mapToRegistry using default registry
39 silly mapToRegistry registry https://registry.npmjs.org/
40 silly mapToRegistry data Result {
40 silly mapToRegistry   raw: 'command-line-args',
40 silly mapToRegistry   scope: null,
40 silly mapToRegistry   name: 'command-line-args',
40 silly mapToRegistry   rawSpec: '',
40 silly mapToRegistry   spec: 'latest',
40 silly mapToRegistry   type: 'tag' }
41 silly mapToRegistry uri https://registry.npmjs.org/command-line-args
42 verbose addNameRange registry:https://registry.npmjs.org/command-line-args not in flight; fetching
43 verbose request uri https://registry.npmjs.org/command-line-args
44 verbose request no auth needed
45 info attempt registry request try #1 at 2:55:21 PM
46 verbose request id ba9a60f5c9aba6d4
47 verbose etag W/"5891b791-17947"
48 verbose lastModified Wed, 01 Feb 2017 10:25:21 GMT
49 http request GET https://registry.npmjs.org/command-line-args
50 http 304 https://registry.npmjs.org/command-line-args
51 verbose headers { date: 'Wed, 01 Mar 2017 09:55:22 GMT',
51 verbose headers   via: '1.1 varnish',
51 verbose headers   'cache-control': 'max-age=300',
51 verbose headers   etag: 'W/"5891b791-17947"',
51 verbose headers   age: '91',
51 verbose headers   connection: 'keep-alive',
51 verbose headers   'x-served-by': 'cache-hhn1530-HHN',
51 verbose headers   'x-cache': 'HIT',
51 verbose headers   'x-cache-hits': '1',
51 verbose headers   'x-timer': 'S1488362122.597206,VS0,VE0',
51 verbose headers   vary: 'Accept-Encoding' }
52 silly get cb [ 304,
52 silly get   { date: 'Wed, 01 Mar 2017 09:55:22 GMT',
52 silly get     via: '1.1 varnish',
52 silly get     'cache-control': 'max-age=300',
52 silly get     etag: 'W/"5891b791-17947"',
52 silly get     age: '91',
52 silly get     connection: 'keep-alive',
52 silly get     'x-served-by': 'cache-hhn1530-HHN',
52 silly get     'x-cache': 'HIT',
52 silly get     'x-cache-hits': '1',
52 silly get     'x-timer': 'S1488362122.597206,VS0,VE0',
52 silly get     vary: 'Accept-Encoding' } ]
53 verbose etag https://registry.npmjs.org/command-line-args from cache
54 verbose get saving command-line-args to C:\Users\asma\AppData\Roaming\npm-cache\registry.npmjs.org\command-line-args\.cache.json
55 verbose correctMkdir C:\Users\asma\AppData\Roaming\npm-cache correctMkdir not in flight; initializing
56 silly addNameRange number 2 { name: 'command-line-args',
56 silly addNameRange   range: '>=1.1.0 <2.0.0',
56 silly addNameRange   hasData: true }
57 silly addNameRange versions [ 'command-line-args',
57 silly addNameRange   [ '0.0.0',
57 silly addNameRange     '0.0.1',
57 silly addNameRange     '0.0.2',
57 silly addNameRange     '0.1.0',
57 silly addNameRange     '0.2.0',
57 silly addNameRange     '0.2.1',
57 silly addNameRange     '0.2.2',
57 silly addNameRange     '0.2.3',
57 silly addNameRange     '0.2.4',
57 silly addNameRange     '0.3.0',
57 silly addNameRange     '0.3.1',
57 silly addNameRange     '0.4.0',
57 silly addNameRange     '0.5.0',
57 silly addNameRange     '0.5.1',
57 silly addNameRange     '0.5.2',
57 silly addNameRange     '0.5.3',
57 silly addNameRange     '0.5.4',
57 silly addNameRange     '0.5.5',
57 silly addNameRange     '0.5.6',
57 silly addNameRange     '0.5.7',
57 silly addNameRange     '0.5.8',
57 silly addNameRange     '0.5.9',
57 silly addNameRange     '1.0.0-0',
57 silly addNameRange     '1.0.0-1',
57 silly addNameRange     '1.0.0-2',
57 silly addNameRange     '1.0.0-3',
57 silly addNameRange     '1.1.0-0',
57 silly addNameRange     '1.1.0-1',
57 silly addNameRange     '1.0.0',
57 silly addNameRange     '1.0.1',
57 silly addNameRange     '1.0.2',
57 silly addNameRange     '2.0.0',
57 silly addNameRange     '2.0.1',
57 silly addNameRange     '2.0.2',
57 silly addNameRange     '2.0.3',
57 silly addNameRange     '2.0.4',
57 silly addNameRange     '2.1.0',
57 silly addNameRange     '2.1.1',
57 silly addNameRange     '2.1.2',
57 silly addNameRange     '2.1.3',
57 silly addNameRange     '2.1.4',
57 silly addNameRange     '2.1.5',
57 silly addNameRange     '2.1.6',
57 silly addNameRange     '3.0.0',
57 silly addNameRange     '3.0.1',
57 silly addNameRange     '3.0.2',
57 silly addNameRange     '3.0.3-0',
57 silly addNameRange     '3.0.3',
57 silly addNameRange     '3.0.4',
57 silly addNameRange     '3.0.5',
57 silly addNameRange     '4.0.0-0',
57 silly addNameRange     '4.0.0-1',
57 silly addNameRange     '4.0.0',
57 silly addNameRange     '4.0.1' ] ]
58 verbose stack Error: No compatible version found: command-line-args@'>=1.1.0 <2.0.0'
58 verbose stack Valid install targets:
58 verbose stack ["0.0.0","0.0.1","0.0.2","0.1.0","0.2.0","0.2.1","0.2.2","0.2.3","0.2.4","0.3.0","0.3.1","0.4.0","0.5.0","0.5.1","0.5.2","0.5.3","0.5.4","0.5.5","0.5.6","0.5.7","0.5.8","0.5.9","1.0.0-0","1.0.0-1","1.0.0-2","1.0.0-3","1.1.0-0","1.1.0-1","1.0.0","1.0.1","1.0.2","2.0.0","2.0.1","2.0.2","2.0.3","2.0.4","2.1.0","2.1.1","2.1.2","2.1.3","2.1.4","2.1.5","2.1.6","3.0.0","3.0.1","3.0.2","3.0.3-0","3.0.3","3.0.4","3.0.5","4.0.0-0","4.0.0-1","4.0.0","4.0.1"]
58 verbose stack
58 verbose stack     at installTargetsError (C:\Program Files\nodejs\node_modules\npm\lib\cache\add-named.js:284:12)
58 verbose stack     at next (C:\Program Files\nodejs\node_modules\npm\lib\cache\add-named.js:262:19)
58 verbose stack     at setData (C:\Program Files\nodejs\node_modules\npm\lib\cache\add-named.js:236:5)
58 verbose stack     at RES (C:\Program Files\nodejs\node_modules\npm\node_modules\inflight\inflight.js:23:14)
58 verbose stack     at f (C:\Program Files\nodejs\node_modules\npm\node_modules\once\once.js:17:25)
58 verbose stack     at fixName (C:\Program Files\nodejs\node_modules\npm\lib\cache\add-named.js:29:5)
58 verbose stack     at saved (C:\Program Files\nodejs\node_modules\npm\lib\cache\caching-client.js:173:7)
58 verbose stack     at C:\Program Files\nodejs\node_modules\npm\node_modules\graceful-fs\polyfills.js:210:7
58 verbose stack     at FSReqWrap.oncomplete (fs.js:82:15)
59 verbose cwd C:\Platalytics\Code\sentiment-analysis-app
60 error Windows_NT 6.3.9600
61 error argv "C:\\Program Files\\nodejs\\node.exe" "C:\\Program Files\\nodejs\\node_modules\\npm\\bin\\npm-cli.js" "install" "command-line-args"
62 error node v4.4.5
63 error npm  v2.15.5
64 error code ETARGET
65 error notarget No compatible version found: command-line-args@'>=1.1.0 <2.0.0'
65 error notarget Valid install targets:
65 error notarget ["0.0.0","0.0.1","0.0.2","0.1.0","0.2.0","0.2.1","0.2.2","0.2.3","0.2.4","0.3.0","0.3.1","0.4.0","0.5.0","0.5.1","0.5.2","0.5.3","0.5.4","0.5.5","0.5.6","0.5.7","0.5.8","0.5.9","1.0.0-0","1.0.0-1","1.0.0-2","1.0.0-3","1.1.0-0","1.1.0-1","1.0.0","1.0.1","1.0.2","2.0.0","2.0.1","2.0.2","2.0.3","2.0.4","2.1.0","2.1.1","2.1.2","2.1.3","2.1.4","2.1.5","2.1.6","3.0.0","3.0.1","3.0.2","3.0.3-0","3.0.3","3.0.4","3.0.5","4.0.0-0","4.0.0-1","4.0.0","4.0.1"]
65 error notarget
65 error notarget This is most likely not a problem with npm itself.
65 error notarget In most cases you or one of your dependencies are requesting
65 error notarget a package version that doesn't exist.
65 error notarget
65 error notarget It was specified as a dependency of 'AngularJS'
66 verbose exit [ 1, true ]
